#
# A fatal error has been detected by the Java Runtime Environment:
#
#  EXCEPTION_ACCESS_VIOLATION (0xc0000005) at pc=0x00007ffe949ce32a, pid=804, tid=12680
#
# JRE version: OpenJDK Runtime Environment Temurin-17.0.3+7 (17.0.3+7) (build 17.0.3+7)
# Java VM: OpenJDK 64-Bit Server VM Temurin-17.0.3+7 (17.0.3+7, mixed mode, tiered, compressed oops, compressed class ptrs, g1 gc, windows-amd64)
# Problematic frame:
# V  [jvm.dll+0x79e32a]
#
# No core dump will be written. Minidumps are not enabled by default on client versions of Windows
#
# If you would like to submit a bug report, please visit:
#   https://github.com/adoptium/adoptium-support/issues
#

---------------  S U M M A R Y ------------

Command Line: -XX:+ShowCodeDetailsInExceptionMessages -agentlib:jdwp=transport=dt_socket,suspend=y,address=localhost:54692 -javaagent:C:\Users\bilbo\eclipse\java-2022-06\eclipse\configuration\org.eclipse.osgi\215\0\.cp\lib\javaagent-shaded.jar -Dfile.encoding=UTF-8 br.com.modulo3.test.Test

Host: Intel(R) Core(TM) i5-6200U CPU @ 2.30GHz, 4 cores, 7G,  Windows 10 , 64 bit Build 19041 (10.0.19041.1889)
Time: Sat Sep  3 23:21:25 2022 Hora oficial do Brasil elapsed time: 160.686179 seconds (0d 0h 2m 40s)

---------------  T H R E A D  ---------------

Current thread (0x00000196fff06b30):  JavaThread "JDWP Transport Listener: dt_socket" daemon [_thread_in_vm, id=12680, stack(0x0000003031d00000,0x0000003031e00000)]

Stack: [0x0000003031d00000,0x0000003031e00000],  sp=0x0000003031dff190,  free space=1020k
Native frames: (J=compiled Java code, j=interpreted, Vv=VM code, C=native code)
V  [jvm.dll+0x79e32a]
V  [jvm.dll+0x5088cc]
V  [jvm.dll+0x4cff34]
C  [jdwp.dll+0x22dff]


siginfo: EXCEPTION_ACCESS_VIOLATION (0xc0000005), reading address 0x0000000001030075


Register to memory mapping:

RIP=0x00007ffe949ce32a jvm.dll
RAX=0x0000000000000104 is an unknown value
RBX=0x00000196ffc21757 points into unknown readable memory: 64
RCX=0x0000000001030071 is an unknown value
RDX=0x000001968f435a30 points into unknown readable memory: 0x2f6d6f632f72624c | 4c 62 72 2f 63 6f 6d 2f
RSP=0x0000003031dff190 is pointing into the stack for thread: 0x00000196fff06b30
RBP=0x00000196ffe7dc30 points into unknown readable memory: 0x0000000000000002 | 02 00 00 00 00 00 00 00
RSI=0x0 is NULL
RDI=0xffffffffffffffff is an unknown value
R8 =0x0000000000000230 is an unknown value
R9 =0x0000000000000040 is an unknown value
R10=0x0000000000000200 is an unknown value
R11=0x0000003031dff1b0 is pointing into the stack for thread: 0x00000196fff06b30
R12=0x0000003031dff2e8 is pointing into the stack for thread: 0x00000196fff06b30
R13=0x0 is NULL
R14=0x00000001001054b0 is a pointer to class: 
br.com.modulo3.data.dao.PagamentoDAO {0x00000001001054b8}
 - instance size:     2
 - klass size:        75
 - access:            public synchronized 
 - state:             fully_initialized
 - name:              'br/com/modulo3/data/dao/PagamentoDAO'
 - super:             'br/com/modulo3/data/dao/AbstractDAO'
 - sub:               
 - arrays:            NULL
 - methods:           Array<T>(0x00000196902cb7a8)
 - method ordering:   Array<T>(0x00000196902d4590)
 - default_methods:   Array<T>(0x0000000000000000)
 - local interfaces:  Array<T>(0x00000196ff400058)
 - trans. interfaces: Array<T>(0x00000196ff400058)
 - constants:         constant pool [262] {0x00000196902d5978} for 'br/com/modulo3/data/dao/PagamentoDAO' cache=0x00000196902d6288
 - class loader data:  loader data: 0x00000196ff1e2460 for instance a 'jdk/internal/loader/ClassLoaders$AppClassLoader'{0x00000000826a6700}
 - source file:       'PagamentoDAO.java'
 - source debug extension:       SMAP
PagamentoDAO.java
Java
*S jdt
*F
1 PagamentoDAO.java
2 file:/C:/Users/bilbo/eclipse-workspace-se/pj-modulo-3/bin/
*L
*E

 - class annotations:       Array<T>(0x0000000000000000)
 - class type annotations:  Array<T>(0x0000000000000000)
 - field annotations:       Array<T>(0x0000000000000000)
 - field type annotations:  Array<T>(0x0000000000000000)
 - previous version:  constant pool [259] {0x000001968fc3be60} for 'br/com/modulo3/data/dao/PagamentoDAO' (extra) cache=0x000001968fc40358
 - generic signature: '
[error occurred during error reporting (printing register info), id 0xc0000005, EXCEPTION_ACCESS_VIOLATION (0xc0000005) at pc=0x00007ffe949cef36]

Registers:
RAX=0x0000000000000104, RBX=0x00000196ffc21757, RCX=0x0000000001030071, RDX=0x000001968f435a30
RSP=0x0000003031dff190, RBP=0x00000196ffe7dc30, RSI=0x0000000000000000, RDI=0xffffffffffffffff
R8 =0x0000000000000230, R9 =0x0000000000000040, R10=0x0000000000000200, R11=0x0000003031dff1b0
R12=0x0000003031dff2e8, R13=0x0000000000000000, R14=0x00000001001054b0, R15=0x0000003031dff338
RIP=0x00007ffe949ce32a, EFLAGS=0x0000000000010206

Top of Stack: (sp=0x0000003031dff190)
0x0000003031dff190:   0000000000000024 00000001001054b0
0x0000003031dff1a0:   00000196fff06b30 0000000000000000
0x0000003031dff1b0:   ffffffffffffffff 00007ffe947388cc
0x0000003031dff1c0:   00000196ffc21757 00000196ffc21730
0x0000003031dff1d0:   00000196ffe7dc30 000001968f6fc1f0
0x0000003031dff1e0:   00000196ffc216f0 00000000000003d8
0x0000003031dff1f0:   00000196ffc21700 00000196ffc21ad8
0x0000003031dff200:   0000000000000002 0000003031dff2e8
0x0000003031dff210:   0000000000000000 0000000000000000
0x0000003031dff220:   00000000827bd570 00007ffe946fff34
0x0000003031dff230:   00000196fff06b30 0000003031dff338
0x0000003031dff240:   00000196f4b3bbf0 0000003031dff338
0x0000003031dff250:   00000196fff06b30 0000000000000000
0x0000003031dff260:   0000019600000000 0000000000000000
0x0000003031dff270:   000000000000000d 00007fff04b12dff
0x0000003031dff280:   0000003031dff330 00007fff04b21aa0 

Instructions: (pc=0x00007ffe949ce32a)
0x00007ffe949ce22a:   48 83 c4 20 5f e9 bc 80 90 ff cc cc cc cc cc cc
0x00007ffe949ce23a:   cc cc cc cc cc cc 48 89 5c 24 08 57 48 83 ec 20
0x00007ffe949ce24a:   83 fa 02 8d 42 06 b9 08 00 00 00 49 8b d8 0f 4e
0x00007ffe949ce25a:   c1 48 63 c8 48 83 c1 07 83 e1 f8 48 63 f9 49 8b
0x00007ffe949ce26a:   48 18 48 8b c7 48 f7 d0 48 3b c1 73 16 4c 8d 05
0x00007ffe949ce27a:   4a 50 17 00 48 8b d7 48 8b cb e8 c7 e3 90 ff 48
0x00007ffe949ce28a:   8b 4b 18 48 8d 04 39 48 3b 43 20 76 18 45 33 c0
0x00007ffe949ce29a:   48 8b d7 48 8b cb 48 8b 5c 24 30 48 83 c4 20 5f
0x00007ffe949ce2aa:   e9 21 e0 90 ff 48 89 43 18 48 8b c1 48 8b 5c 24
0x00007ffe949ce2ba:   30 48 83 c4 20 5f c3 cc cc cc cc cc cc cc cc cc
0x00007ffe949ce2ca:   cc cc cc cc cc cc 4c 8b d2 4c 8b d9 45 85 c0 7e
0x00007ffe949ce2da:   3c 44 0f b7 49 04 41 8d 40 ff 41 3b c1 44 0f 4c
0x00007ffe949ce2ea:   c8 4d 63 c1 45 85 c9 7e 1f 48 8b c2 4c 2b da 49
0x00007ffe949ce2fa:   8b d0 0f 1f 40 00 41 0f b6 4c 03 06 88 08 48 8d
0x00007ffe949ce30a:   40 01 48 83 ea 01 75 ee 43 c6 04 10 00 49 8b c2
0x00007ffe949ce31a:   c3 cc cc cc cc cc 48 89 5c 24 08 57 48 83 ec 20
0x00007ffe949ce32a:   0f b7 59 04 48 8b f9 33 d2 48 8d 4b 01 e8 a4 dc
0x00007ffe949ce33a:   f2 ff 0f b7 57 04 4c 8b c0 3b da 0f 42 d3 44 8b
0x00007ffe949ce34a:   ca 85 d2 74 39 48 2b f8 0f 1f 40 00 66 66 0f 1f
0x00007ffe949ce35a:   84 00 00 00 00 00 0f b6 4c 07 06 88 08 48 ff c0
0x00007ffe949ce36a:   48 8b c8 49 2b c8 49 3b c9 7c eb 42 c6 04 02 00
0x00007ffe949ce37a:   49 8b c0 48 8b 5c 24 30 48 83 c4 20 5f c3 48 8b
0x00007ffe949ce38a:   5c 24 30 c6 04 02 00 48 83 c4 20 5f c3 cc cc cc
0x00007ffe949ce39a:   cc cc cc cc cc cc 4c 8b d1 45 85 c0 7e 6c 44 0f
0x00007ffe949ce3aa:   b7 49 04 41 8d 40 ff 41 3b c1 44 0f 4c c8 4d 63
0x00007ffe949ce3ba:   d9 45 85 c9 7e 22 48 8b ca 4c 2b d2 4d 8b c3 0f
0x00007ffe949ce3ca:   1f 80 00 00 00 00 41 0f b6 44 0a 06 88 01 48 8d
0x00007ffe949ce3da:   49 01 49 83 e8 01 75 ee 41 c6 04 13 00 48 c7 c0
0x00007ffe949ce3ea:   ff ff ff ff 66 90 48 ff c0 80 3c 02 00 75 f7 48
0x00007ffe949ce3fa:   63 c8 85 c0 48 8b c2 7e 14 80 38 2f 75 03 c6 00
0x00007ffe949ce40a:   2e 48 ff c0 48 83 e9 01 75 ef 48 8b c2 c3 cc cc
0x00007ffe949ce41a:   cc cc cc cc cc cc 48 83 ec 28 e8 f7 fe ff ff 4c 


Stack slot to memory mapping:
stack at sp + 0 slots: 0x0000000000000024 is an unknown value
stack at sp + 1 slots: 0x00000001001054b0 is a pointer to class: 
br.com.modulo3.data.dao.PagamentoDAO {0x00000001001054b8}
 - instance size:     2
 - klass size:        75
 - access:            public synchronized 
 - state:             fully_initialized
 - name:              'br/com/modulo3/data/dao/PagamentoDAO'
 - super:             'br/com/modulo3/data/dao/AbstractDAO'
 - sub:               
 - arrays:            NULL
 - methods:           Array<T>(0x00000196902cb7a8)
 - method ordering:   Array<T>(0x00000196902d4590)
 - default_methods:   Array<T>(0x0000000000000000)
 - local interfaces:  Array<T>(0x00000196ff400058)
 - trans. interfaces: Array<T>(0x00000196ff400058)
 - constants:         constant pool [262] {0x00000196902d5978} for 'br/com/modulo3/data/dao/PagamentoDAO' cache=0x00000196902d6288
 - class loader data:  loader data: 0x00000196ff1e2460 for instance a 'jdk/internal/loader/ClassLoaders$AppClassLoader'{0x00000000826a6700}
 - source file:       'PagamentoDAO.java'
 - source debug extension:       SMAP
PagamentoDAO.java
Java
*S jdt
*F
1 PagamentoDAO.java
2 file:/C:/Users/bilbo/eclipse-workspace-se/pj-modulo-3/bin/
*L
*E

 - class annotations:       Array<T>(0x0000000000000000)
 - class type annotations:  Array<T>(0x0000000000000000)
 - field annotations:       Array<T>(0x0000000000000000)
 - field type annotations:  Array<T>(0x0000000000000000)
 - previous version:  constant pool [259] {0x000001968fc3be60} for 'br/com/modulo3/data/dao/PagamentoDAO' (extra) cache=0x000001968fc40358
 - generic signature: '
[error occurred during error reporting (inspecting top of stack), id 0xc0000005, EXCEPTION_ACCESS_VIOLATION (0xc0000005) at pc=0x00007ffe949cef36]


---------------  P R O C E S S  ---------------

Threads class SMR info:
_java_thread_list=0x00000196ffd6fba0, length=16, elements={
0x00000196f4b4eb80, 0x00000196ff184960, 0x00000196ff185cd0, 0x00000196ff1dd290,
0x00000196ff1deb60, 0x00000196ff1df510, 0x00000196ff1e1940, 0x00000196ffc13230,
0x00000196ffc14c30, 0x00000196ffc20200, 0x00000196ffcf9f60, 0x00000196fff06b30,
0x00000196fff31b10, 0x00000196fff32000, 0x000001968f5c4f50, 0x000001968f6dd010
}

Java Threads: ( => current thread )
  0x00000196f4b4eb80 JavaThread "main" [_thread_blocked, id=13244, stack(0x0000003030c00000,0x0000003030d00000)]
  0x00000196ff184960 JavaThread "Reference Handler" daemon [_thread_blocked, id=13388, stack(0x0000003031300000,0x0000003031400000)]
  0x00000196ff185cd0 JavaThread "Finalizer" daemon [_thread_blocked, id=14804, stack(0x0000003031400000,0x0000003031500000)]
  0x00000196ff1dd290 JavaThread "Signal Dispatcher" daemon [_thread_blocked, id=10180, stack(0x0000003031500000,0x0000003031600000)]
  0x00000196ff1deb60 JavaThread "Attach Listener" daemon [_thread_blocked, id=9336, stack(0x0000003031600000,0x0000003031700000)]
  0x00000196ff1df510 JavaThread "Service Thread" daemon [_thread_blocked, id=13676, stack(0x0000003031700000,0x0000003031800000)]
  0x00000196ff1e1940 JavaThread "Monitor Deflation Thread" daemon [_thread_blocked, id=13828, stack(0x0000003031800000,0x0000003031900000)]
  0x00000196ffc13230 JavaThread "C2 CompilerThread0" daemon [_thread_blocked, id=11944, stack(0x0000003031900000,0x0000003031a00000)]
  0x00000196ffc14c30 JavaThread "C1 CompilerThread0" daemon [_thread_blocked, id=14052, stack(0x0000003031a00000,0x0000003031b00000)]
  0x00000196ffc20200 JavaThread "Sweeper thread" daemon [_thread_blocked, id=11968, stack(0x0000003031b00000,0x0000003031c00000)]
  0x00000196ffcf9f60 JavaThread "Common-Cleaner" daemon [_thread_blocked, id=8, stack(0x0000003031c00000,0x0000003031d00000)]
=>0x00000196fff06b30 JavaThread "JDWP Transport Listener: dt_socket" daemon [_thread_in_vm, id=12680, stack(0x0000003031d00000,0x0000003031e00000)]
  0x00000196fff31b10 JavaThread "JDWP Event Helper Thread" daemon [_thread_blocked, id=4892, stack(0x0000003031e00000,0x0000003031f00000)]
  0x00000196fff32000 JavaThread "JDWP Command Reader" daemon [_thread_in_native, id=13772, stack(0x0000003031f00000,0x0000003032000000)]
  0x000001968f5c4f50 JavaThread "Notification Thread" daemon [_thread_blocked, id=5920, stack(0x0000003032100000,0x0000003032200000)]
  0x000001968f6dd010 JavaThread "mysql-cj-abandoned-connection-cleanup" daemon [_thread_blocked, id=13240, stack(0x0000003032300000,0x0000003032400000)]

Other Threads:
  0x00000196ff146ce0 VMThread "VM Thread" [stack: 0x0000003031200000,0x0000003031300000] [id=13348]
  0x000001968f5c5420 WatcherThread [stack: 0x0000003032200000,0x0000003032300000] [id=12304]
  0x00000196f4ba72a0 GCTaskThread "GC Thread#0" [stack: 0x0000003030d00000,0x0000003030e00000] [id=13836]
  0x000001968f64d760 GCTaskThread "GC Thread#1" [stack: 0x0000003032400000,0x0000003032500000] [id=32]
  0x000001968f64da10 GCTaskThread "GC Thread#2" [stack: 0x0000003032500000,0x0000003032600000] [id=8300]
  0x000001968f5c4a10 GCTaskThread "GC Thread#3" [stack: 0x0000003032600000,0x0000003032700000] [id=8900]
  0x00000196f4bb84c0 ConcurrentGCThread "G1 Main Marker" [stack: 0x0000003030e00000,0x0000003030f00000] [id=14192]
  0x00000196f4bb9ee0 ConcurrentGCThread "G1 Conc#0" [stack: 0x0000003030f00000,0x0000003031000000] [id=10076]
  0x00000196ff000090 ConcurrentGCThread "G1 Refine#0" [stack: 0x0000003031000000,0x0000003031100000] [id=14628]
  0x00000196ff000ab0 ConcurrentGCThread "G1 Service" [stack: 0x0000003031100000,0x0000003031200000] [id=5516]

Threads with active compile tasks:

VM state: not at safepoint (normal execution)

VM Mutex/Monitor currently owned by a thread: None

Heap address: 0x0000000082600000, size: 2010 MB, Compressed Oops mode: 32-bit

CDS archive(s) not mapped
Compressed class space mapped at: 0x0000000100000000-0x0000000140000000, reserved size: 1073741824
Narrow klass base: 0x0000000000000000, Narrow klass shift: 3, Narrow klass range: 0x140000000

GC Precious Log:
 CPUs: 4 total, 4 available
 Memory: 8039M
 Large Page Support: Disabled
 NUMA Support: Disabled
 Compressed Oops: Enabled (32-bit)
 Heap Region Size: 1M
 Heap Min Capacity: 8M
 Heap Initial Capacity: 126M
 Heap Max Capacity: 2010M
 Pre-touch: Disabled
 Parallel Workers: 4
 Concurrent Workers: 1
 Concurrent Refinement Workers: 4
 Periodic GC: Disabled

Heap:
 garbage-first heap   total 129024K, used 16516K [0x0000000082600000, 0x0000000100000000)
  region size 1024K, 15 young (15360K), 1 survivors (1024K)
 Metaspace       used 17781K, committed 17984K, reserved 1064960K
  class space    used 1742K, committed 1856K, reserved 1048576K

Heap Regions: E=young(eden), S=young(survivor), O=old, HS=humongous(starts), HC=humongous(continues), CS=collection set, F=free, OA=open archive, CA=closed archive, TAMS=top-at-mark-start (previous, next)
|   0|0x0000000082600000, 0x0000000082700000, 0x0000000082700000|100%| O|  |TAMS 0x0000000082600000, 0x0000000082600000| Untracked 
|   1|0x0000000082700000, 0x0000000082800000, 0x0000000082800000|100%| O|  |TAMS 0x0000000082700000, 0x0000000082700000| Untracked 
|   2|0x0000000082800000, 0x0000000082843400, 0x0000000082900000| 26%| O|  |TAMS 0x0000000082800000, 0x0000000082800000| Untracked 
|   3|0x0000000082900000, 0x0000000082900000, 0x0000000082a00000|  0%| F|  |TAMS 0x0000000082900000, 0x0000000082900000| Untracked 
|   4|0x0000000082a00000, 0x0000000082a00000, 0x0000000082b00000|  0%| F|  |TAMS 0x0000000082a00000, 0x0000000082a00000| Untracked 
|   5|0x0000000082b00000, 0x0000000082b00000, 0x0000000082c00000|  0%| F|  |TAMS 0x0000000082b00000, 0x0000000082b00000| Untracked 
|   6|0x0000000082c00000, 0x0000000082c00000, 0x0000000082d00000|  0%| F|  |TAMS 0x0000000082c00000, 0x0000000082c00000| Untracked 
|   7|0x0000000082d00000, 0x0000000082d00000, 0x0000000082e00000|  0%| F|  |TAMS 0x0000000082d00000, 0x0000000082d00000| Untracked 
|   8|0x0000000082e00000, 0x0000000082e00000, 0x0000000082f00000|  0%| F|  |TAMS 0x0000000082e00000, 0x0000000082e00000| Untracked 
|   9|0x0000000082f00000, 0x0000000082f00000, 0x0000000083000000|  0%| F|  |TAMS 0x0000000082f00000, 0x0000000082f00000| Untracked 
|  10|0x0000000083000000, 0x0000000083000000, 0x0000000083100000|  0%| F|  |TAMS 0x0000000083000000, 0x0000000083000000| Untracked 
|  11|0x0000000083100000, 0x0000000083100000, 0x0000000083200000|  0%| F|  |TAMS 0x0000000083100000, 0x0000000083100000| Untracked 
|  12|0x0000000083200000, 0x0000000083200000, 0x0000000083300000|  0%| F|  |TAMS 0x0000000083200000, 0x0000000083200000| Untracked 
|  13|0x0000000083300000, 0x0000000083300000, 0x0000000083400000|  0%| F|  |TAMS 0x0000000083300000, 0x0000000083300000| Untracked 
|  14|0x0000000083400000, 0x0000000083400000, 0x0000000083500000|  0%| F|  |TAMS 0x0000000083400000, 0x0000000083400000| Untracked 
|  15|0x0000000083500000, 0x0000000083500000, 0x0000000083600000|  0%| F|  |TAMS 0x0000000083500000, 0x0000000083500000| Untracked 
|  16|0x0000000083600000, 0x0000000083600000, 0x0000000083700000|  0%| F|  |TAMS 0x0000000083600000, 0x0000000083600000| Untracked 
|  17|0x0000000083700000, 0x0000000083700000, 0x0000000083800000|  0%| F|  |TAMS 0x0000000083700000, 0x0000000083700000| Untracked 
|  18|0x0000000083800000, 0x0000000083800000, 0x0000000083900000|  0%| F|  |TAMS 0x0000000083800000, 0x0000000083800000| Untracked 
|  19|0x0000000083900000, 0x0000000083900000, 0x0000000083a00000|  0%| F|  |TAMS 0x0000000083900000, 0x0000000083900000| Untracked 
|  20|0x0000000083a00000, 0x0000000083a00000, 0x0000000083b00000|  0%| F|  |TAMS 0x0000000083a00000, 0x0000000083a00000| Untracked 
|  21|0x0000000083b00000, 0x0000000083b00000, 0x0000000083c00000|  0%| F|  |TAMS 0x0000000083b00000, 0x0000000083b00000| Untracked 
|  22|0x0000000083c00000, 0x0000000083c00000, 0x0000000083d00000|  0%| F|  |TAMS 0x0000000083c00000, 0x0000000083c00000| Untracked 
|  23|0x0000000083d00000, 0x0000000083d00000, 0x0000000083e00000|  0%| F|  |TAMS 0x0000000083d00000, 0x0000000083d00000| Untracked 
|  24|0x0000000083e00000, 0x0000000083e00000, 0x0000000083f00000|  0%| F|  |TAMS 0x0000000083e00000, 0x0000000083e00000| Untracked 
|  25|0x0000000083f00000, 0x0000000083f00000, 0x0000000084000000|  0%| F|  |TAMS 0x0000000083f00000, 0x0000000083f00000| Untracked 
|  26|0x0000000084000000, 0x0000000084000000, 0x0000000084100000|  0%| F|  |TAMS 0x0000000084000000, 0x0000000084000000| Untracked 
|  27|0x0000000084100000, 0x0000000084100000, 0x0000000084200000|  0%| F|  |TAMS 0x0000000084100000, 0x0000000084100000| Untracked 
|  28|0x0000000084200000, 0x0000000084200000, 0x0000000084300000|  0%| F|  |TAMS 0x0000000084200000, 0x0000000084200000| Untracked 
|  29|0x0000000084300000, 0x0000000084300000, 0x0000000084400000|  0%| F|  |TAMS 0x0000000084300000, 0x0000000084300000| Untracked 
|  30|0x0000000084400000, 0x0000000084400000, 0x0000000084500000|  0%| F|  |TAMS 0x0000000084400000, 0x0000000084400000| Untracked 
|  31|0x0000000084500000, 0x0000000084500000, 0x0000000084600000|  0%| F|  |TAMS 0x0000000084500000, 0x0000000084500000| Untracked 
|  32|0x0000000084600000, 0x0000000084600000, 0x0000000084700000|  0%| F|  |TAMS 0x0000000084600000, 0x0000000084600000| Untracked 
|  33|0x0000000084700000, 0x0000000084700000, 0x0000000084800000|  0%| F|  |TAMS 0x0000000084700000, 0x0000000084700000| Untracked 
|  34|0x0000000084800000, 0x0000000084800000, 0x0000000084900000|  0%| F|  |TAMS 0x0000000084800000, 0x0000000084800000| Untracked 
|  35|0x0000000084900000, 0x0000000084900000, 0x0000000084a00000|  0%| F|  |TAMS 0x0000000084900000, 0x0000000084900000| Untracked 
|  36|0x0000000084a00000, 0x0000000084a00000, 0x0000000084b00000|  0%| F|  |TAMS 0x0000000084a00000, 0x0000000084a00000| Untracked 
|  37|0x0000000084b00000, 0x0000000084b00000, 0x0000000084c00000|  0%| F|  |TAMS 0x0000000084b00000, 0x0000000084b00000| Untracked 
|  38|0x0000000084c00000, 0x0000000084c00000, 0x0000000084d00000|  0%| F|  |TAMS 0x0000000084c00000, 0x0000000084c00000| Untracked 
|  39|0x0000000084d00000, 0x0000000084d00000, 0x0000000084e00000|  0%| F|  |TAMS 0x0000000084d00000, 0x0000000084d00000| Untracked 
|  40|0x0000000084e00000, 0x0000000084e00000, 0x0000000084f00000|  0%| F|  |TAMS 0x0000000084e00000, 0x0000000084e00000| Untracked 
|  41|0x0000000084f00000, 0x0000000084f00000, 0x0000000085000000|  0%| F|  |TAMS 0x0000000084f00000, 0x0000000084f00000| Untracked 
|  42|0x0000000085000000, 0x0000000085000000, 0x0000000085100000|  0%| F|  |TAMS 0x0000000085000000, 0x0000000085000000| Untracked 
|  43|0x0000000085100000, 0x0000000085100000, 0x0000000085200000|  0%| F|  |TAMS 0x0000000085100000, 0x0000000085100000| Untracked 
|  44|0x0000000085200000, 0x0000000085200000, 0x0000000085300000|  0%| F|  |TAMS 0x0000000085200000, 0x0000000085200000| Untracked 
|  45|0x0000000085300000, 0x0000000085300000, 0x0000000085400000|  0%| F|  |TAMS 0x0000000085300000, 0x0000000085300000| Untracked 
|  46|0x0000000085400000, 0x0000000085400000, 0x0000000085500000|  0%| F|  |TAMS 0x0000000085400000, 0x0000000085400000| Untracked 
|  47|0x0000000085500000, 0x0000000085500000, 0x0000000085600000|  0%| F|  |TAMS 0x0000000085500000, 0x0000000085500000| Untracked 
|  48|0x0000000085600000, 0x0000000085600000, 0x0000000085700000|  0%| F|  |TAMS 0x0000000085600000, 0x0000000085600000| Untracked 
|  49|0x0000000085700000, 0x0000000085700000, 0x0000000085800000|  0%| F|  |TAMS 0x0000000085700000, 0x0000000085700000| Untracked 
|  50|0x0000000085800000, 0x0000000085800000, 0x0000000085900000|  0%| F|  |TAMS 0x0000000085800000, 0x0000000085800000| Untracked 
|  51|0x0000000085900000, 0x0000000085900000, 0x0000000085a00000|  0%| F|  |TAMS 0x0000000085900000, 0x0000000085900000| Untracked 
|  52|0x0000000085a00000, 0x0000000085a00000, 0x0000000085b00000|  0%| F|  |TAMS 0x0000000085a00000, 0x0000000085a00000| Untracked 
|  53|0x0000000085b00000, 0x0000000085b00000, 0x0000000085c00000|  0%| F|  |TAMS 0x0000000085b00000, 0x0000000085b00000| Untracked 
|  54|0x0000000085c00000, 0x0000000085c00000, 0x0000000085d00000|  0%| F|  |TAMS 0x0000000085c00000, 0x0000000085c00000| Untracked 
|  55|0x0000000085d00000, 0x0000000085d00000, 0x0000000085e00000|  0%| F|  |TAMS 0x0000000085d00000, 0x0000000085d00000| Untracked 
|  56|0x0000000085e00000, 0x0000000085e00000, 0x0000000085f00000|  0%| F|  |TAMS 0x0000000085e00000, 0x0000000085e00000| Untracked 
|  57|0x0000000085f00000, 0x0000000085f00000, 0x0000000086000000|  0%| F|  |TAMS 0x0000000085f00000, 0x0000000085f00000| Untracked 
|  58|0x0000000086000000, 0x0000000086000000, 0x0000000086100000|  0%| F|  |TAMS 0x0000000086000000, 0x0000000086000000| Untracked 
|  59|0x0000000086100000, 0x0000000086100000, 0x0000000086200000|  0%| F|  |TAMS 0x0000000086100000, 0x0000000086100000| Untracked 
|  60|0x0000000086200000, 0x0000000086200000, 0x0000000086300000|  0%| F|  |TAMS 0x0000000086200000, 0x0000000086200000| Untracked 
|  61|0x0000000086300000, 0x0000000086300000, 0x0000000086400000|  0%| F|  |TAMS 0x0000000086300000, 0x0000000086300000| Untracked 
|  62|0x0000000086400000, 0x0000000086400000, 0x0000000086500000|  0%| F|  |TAMS 0x0000000086400000, 0x0000000086400000| Untracked 
|  63|0x0000000086500000, 0x0000000086500000, 0x0000000086600000|  0%| F|  |TAMS 0x0000000086500000, 0x0000000086500000| Untracked 
|  64|0x0000000086600000, 0x0000000086600000, 0x0000000086700000|  0%| F|  |TAMS 0x0000000086600000, 0x0000000086600000| Untracked 
|  65|0x0000000086700000, 0x0000000086700000, 0x0000000086800000|  0%| F|  |TAMS 0x0000000086700000, 0x0000000086700000| Untracked 
|  66|0x0000000086800000, 0x0000000086800000, 0x0000000086900000|  0%| F|  |TAMS 0x0000000086800000, 0x0000000086800000| Untracked 
|  67|0x0000000086900000, 0x0000000086900000, 0x0000000086a00000|  0%| F|  |TAMS 0x0000000086900000, 0x0000000086900000| Untracked 
|  68|0x0000000086a00000, 0x0000000086a00000, 0x0000000086b00000|  0%| F|  |TAMS 0x0000000086a00000, 0x0000000086a00000| Untracked 
|  69|0x0000000086b00000, 0x0000000086b00000, 0x0000000086c00000|  0%| F|  |TAMS 0x0000000086b00000, 0x0000000086b00000| Untracked 
|  70|0x0000000086c00000, 0x0000000086c00000, 0x0000000086d00000|  0%| F|  |TAMS 0x0000000086c00000, 0x0000000086c00000| Untracked 
|  71|0x0000000086d00000, 0x0000000086d00000, 0x0000000086e00000|  0%| F|  |TAMS 0x0000000086d00000, 0x0000000086d00000| Untracked 
|  72|0x0000000086e00000, 0x0000000086e00000, 0x0000000086f00000|  0%| F|  |TAMS 0x0000000086e00000, 0x0000000086e00000| Untracked 
|  73|0x0000000086f00000, 0x0000000086f00000, 0x0000000087000000|  0%| F|  |TAMS 0x0000000086f00000, 0x0000000086f00000| Untracked 
|  74|0x0000000087000000, 0x0000000087000000, 0x0000000087100000|  0%| F|  |TAMS 0x0000000087000000, 0x0000000087000000| Untracked 
|  75|0x0000000087100000, 0x0000000087100000, 0x0000000087200000|  0%| F|  |TAMS 0x0000000087100000, 0x0000000087100000| Untracked 
|  76|0x0000000087200000, 0x0000000087200000, 0x0000000087300000|  0%| F|  |TAMS 0x0000000087200000, 0x0000000087200000| Untracked 
|  77|0x0000000087300000, 0x0000000087300000, 0x0000000087400000|  0%| F|  |TAMS 0x0000000087300000, 0x0000000087300000| Untracked 
|  78|0x0000000087400000, 0x0000000087400000, 0x0000000087500000|  0%| F|  |TAMS 0x0000000087400000, 0x0000000087400000| Untracked 
|  79|0x0000000087500000, 0x0000000087500000, 0x0000000087600000|  0%| F|  |TAMS 0x0000000087500000, 0x0000000087500000| Untracked 
|  80|0x0000000087600000, 0x0000000087600000, 0x0000000087700000|  0%| F|  |TAMS 0x0000000087600000, 0x0000000087600000| Untracked 
|  81|0x0000000087700000, 0x0000000087700000, 0x0000000087800000|  0%| F|  |TAMS 0x0000000087700000, 0x0000000087700000| Untracked 
|  82|0x0000000087800000, 0x0000000087800000, 0x0000000087900000|  0%| F|  |TAMS 0x0000000087800000, 0x0000000087800000| Untracked 
|  83|0x0000000087900000, 0x0000000087900000, 0x0000000087a00000|  0%| F|  |TAMS 0x0000000087900000, 0x0000000087900000| Untracked 
|  84|0x0000000087a00000, 0x0000000087a00000, 0x0000000087b00000|  0%| F|  |TAMS 0x0000000087a00000, 0x0000000087a00000| Untracked 
|  85|0x0000000087b00000, 0x0000000087b00000, 0x0000000087c00000|  0%| F|  |TAMS 0x0000000087b00000, 0x0000000087b00000| Untracked 
|  86|0x0000000087c00000, 0x0000000087c00000, 0x0000000087d00000|  0%| F|  |TAMS 0x0000000087c00000, 0x0000000087c00000| Untracked 
|  87|0x0000000087d00000, 0x0000000087d00000, 0x0000000087e00000|  0%| F|  |TAMS 0x0000000087d00000, 0x0000000087d00000| Untracked 
|  88|0x0000000087e00000, 0x0000000087e00000, 0x0000000087f00000|  0%| F|  |TAMS 0x0000000087e00000, 0x0000000087e00000| Untracked 
|  89|0x0000000087f00000, 0x0000000087f00000, 0x0000000088000000|  0%| F|  |TAMS 0x0000000087f00000, 0x0000000087f00000| Untracked 
|  90|0x0000000088000000, 0x0000000088000000, 0x0000000088100000|  0%| F|  |TAMS 0x0000000088000000, 0x0000000088000000| Untracked 
|  91|0x0000000088100000, 0x0000000088100000, 0x0000000088200000|  0%| F|  |TAMS 0x0000000088100000, 0x0000000088100000| Untracked 
|  92|0x0000000088200000, 0x0000000088200000, 0x0000000088300000|  0%| F|  |TAMS 0x0000000088200000, 0x0000000088200000| Untracked 
|  93|0x0000000088300000, 0x0000000088300000, 0x0000000088400000|  0%| F|  |TAMS 0x0000000088300000, 0x0000000088300000| Untracked 
|  94|0x0000000088400000, 0x0000000088400000, 0x0000000088500000|  0%| F|  |TAMS 0x0000000088400000, 0x0000000088400000| Untracked 
|  95|0x0000000088500000, 0x0000000088500000, 0x0000000088600000|  0%| F|  |TAMS 0x0000000088500000, 0x0000000088500000| Untracked 
|  96|0x0000000088600000, 0x0000000088600000, 0x0000000088700000|  0%| F|  |TAMS 0x0000000088600000, 0x0000000088600000| Untracked 
|  97|0x0000000088700000, 0x0000000088700000, 0x0000000088800000|  0%| F|  |TAMS 0x0000000088700000, 0x0000000088700000| Untracked 
|  98|0x0000000088800000, 0x0000000088800000, 0x0000000088900000|  0%| F|  |TAMS 0x0000000088800000, 0x0000000088800000| Untracked 
|  99|0x0000000088900000, 0x0000000088900000, 0x0000000088a00000|  0%| F|  |TAMS 0x0000000088900000, 0x0000000088900000| Untracked 
| 100|0x0000000088a00000, 0x0000000088a00000, 0x0000000088b00000|  0%| F|  |TAMS 0x0000000088a00000, 0x0000000088a00000| Untracked 
| 101|0x0000000088b00000, 0x0000000088b00000, 0x0000000088c00000|  0%| F|  |TAMS 0x0000000088b00000, 0x0000000088b00000| Untracked 
| 102|0x0000000088c00000, 0x0000000088c00000, 0x0000000088d00000|  0%| F|  |TAMS 0x0000000088c00000, 0x0000000088c00000| Untracked 
| 103|0x0000000088d00000, 0x0000000088d00000, 0x0000000088e00000|  0%| F|  |TAMS 0x0000000088d00000, 0x0000000088d00000| Untracked 
| 104|0x0000000088e00000, 0x0000000088e00000, 0x0000000088f00000|  0%| F|  |TAMS 0x0000000088e00000, 0x0000000088e00000| Untracked 
| 105|0x0000000088f00000, 0x0000000088f00000, 0x0000000089000000|  0%| F|  |TAMS 0x0000000088f00000, 0x0000000088f00000| Untracked 
| 106|0x0000000089000000, 0x0000000089000000, 0x0000000089100000|  0%| F|  |TAMS 0x0000000089000000, 0x0000000089000000| Untracked 
| 107|0x0000000089100000, 0x00000000891dde00, 0x0000000089200000| 86%| S|CS|TAMS 0x0000000089100000, 0x0000000089100000| Complete 
| 108|0x0000000089200000, 0x0000000089200000, 0x0000000089300000|  0%| F|  |TAMS 0x0000000089200000, 0x0000000089200000| Untracked 
| 109|0x0000000089300000, 0x0000000089300000, 0x0000000089400000|  0%| F|  |TAMS 0x0000000089300000, 0x0000000089300000| Untracked 
| 110|0x0000000089400000, 0x0000000089400000, 0x0000000089500000|  0%| F|  |TAMS 0x0000000089400000, 0x0000000089400000| Untracked 
| 111|0x0000000089500000, 0x0000000089500000, 0x0000000089600000|  0%| F|  |TAMS 0x0000000089500000, 0x0000000089500000| Untracked 
| 112|0x0000000089600000, 0x0000000089680800, 0x0000000089700000| 50%| E|  |TAMS 0x0000000089600000, 0x0000000089600000| Complete 
| 113|0x0000000089700000, 0x0000000089800000, 0x0000000089800000|100%| E|CS|TAMS 0x0000000089700000, 0x0000000089700000| Complete 
| 114|0x0000000089800000, 0x0000000089900000, 0x0000000089900000|100%| E|CS|TAMS 0x0000000089800000, 0x0000000089800000| Complete 
| 115|0x0000000089900000, 0x0000000089a00000, 0x0000000089a00000|100%| E|CS|TAMS 0x0000000089900000, 0x0000000089900000| Complete 
| 116|0x0000000089a00000, 0x0000000089b00000, 0x0000000089b00000|100%| E|CS|TAMS 0x0000000089a00000, 0x0000000089a00000| Complete 
| 117|0x0000000089b00000, 0x0000000089c00000, 0x0000000089c00000|100%| E|CS|TAMS 0x0000000089b00000, 0x0000000089b00000| Complete 
| 118|0x0000000089c00000, 0x0000000089d00000, 0x0000000089d00000|100%| E|CS|TAMS 0x0000000089c00000, 0x0000000089c00000| Complete 
| 119|0x0000000089d00000, 0x0000000089e00000, 0x0000000089e00000|100%| E|CS|TAMS 0x0000000089d00000, 0x0000000089d00000| Complete 
| 120|0x0000000089e00000, 0x0000000089f00000, 0x0000000089f00000|100%| E|CS|TAMS 0x0000000089e00000, 0x0000000089e00000| Complete 
| 121|0x0000000089f00000, 0x000000008a000000, 0x000000008a000000|100%| E|CS|TAMS 0x0000000089f00000, 0x0000000089f00000| Complete 
| 122|0x000000008a000000, 0x000000008a100000, 0x000000008a100000|100%| E|CS|TAMS 0x000000008a000000, 0x000000008a000000| Complete 
| 123|0x000000008a100000, 0x000000008a200000, 0x000000008a200000|100%| E|CS|TAMS 0x000000008a100000, 0x000000008a100000| Complete 
| 124|0x000000008a200000, 0x000000008a300000, 0x000000008a300000|100%| E|CS|TAMS 0x000000008a200000, 0x000000008a200000| Complete 
| 125|0x000000008a300000, 0x000000008a400000, 0x000000008a400000|100%| E|CS|TAMS 0x000000008a300000, 0x000000008a300000| Complete 

Card table byte_map: [0x00000196f8600000,0x00000196f89f0000] _byte_map_base: 0x00000196f81ed000

Marking Bits (Prev, Next): (CMBitMap*) 0x00000196f4ba78b0, (CMBitMap*) 0x00000196f4ba78f0
 Prev Bits: [0x00000196f8de0000, 0x00000196fad48000)
 Next Bits: [0x00000196fad50000, 0x00000196fccb8000)

Polling page: 0x00000196f4330000

Metaspace:

Usage:
  Non-class:     15.66 MB used.
      Class:      1.70 MB used.
       Both:     17.36 MB used.

Virtual space:
  Non-class space:       16.00 MB reserved,      15.75 MB ( 98%) committed,  2 nodes.
      Class space:        1.00 GB reserved,       1.81 MB ( <1%) committed,  1 nodes.
             Both:        1.02 GB reserved,      17.56 MB (  2%) committed. 

Chunk freelists:
   Non-Class:  144.00 KB
       Class:  2.16 MB
        Both:  2.30 MB

MaxMetaspaceSize: unlimited
CompressedClassSpaceSize: 1.00 GB
Initial GC threshold: 21.00 MB
Current GC threshold: 21.00 MB
CDS: off
MetaspaceReclaimPolicy: balanced
 - commit_granule_bytes: 65536.
 - commit_granule_words: 8192.
 - virtual_space_node_default_size: 1048576.
 - enlarge_chunks_in_place: 1.
 - new_chunks_are_fully_committed: 0.
 - uncommit_free_chunks: 1.
 - use_allocation_guard: 0.
 - handle_deallocations: 1.


Internal statistics:

num_allocs_failed_limit: 0.
num_arena_births: 172.
num_arena_deaths: 0.
num_vsnodes_births: 3.
num_vsnodes_deaths: 0.
num_space_committed: 281.
num_space_uncommitted: 0.
num_chunks_returned_to_freelist: 0.
num_chunks_taken_from_freelist: 360.
num_chunk_merges: 0.
num_chunk_splits: 217.
num_chunks_enlarged: 128.
num_purges: 0.
num_inconsistent_stats: 0.

CodeHeap 'non-profiled nmethods': size=120000Kb used=195Kb max_used=195Kb free=119804Kb
 bounds [0x0000019687ad0000, 0x0000019687d40000, 0x000001968f000000]
CodeHeap 'profiled nmethods': size=120000Kb used=718Kb max_used=718Kb free=119281Kb
 bounds [0x00000196805a0000, 0x0000019680810000, 0x0000019687ad0000]
CodeHeap 'non-nmethods': size=5760Kb used=1291Kb max_used=1306Kb free=4468Kb
 bounds [0x0000019680000000, 0x0000019680270000, 0x00000196805a0000]
 total_blobs=1071 nmethods=542 adapters=442
 compilation: enabled
              stopped_count=0, restarted_count=0
 full_count=0

Compilation events (20 events):
Event: 160.565 Thread 0x00000196ffc13230 nmethod 537 0x0000019687b00410 code [0x0000019687b00580, 0x0000019687b00638]
Event: 160.568 Thread 0x00000196ffc14c30 nmethod 533 0x000001968064b910 code [0x000001968064bee0, 0x000001968064eb08]
Event: 160.568 Thread 0x00000196ffc14c30  542       3       org.eclipse.jdt.launching.internal.org.objectweb.asm.SymbolTable::addConstantUtf8Reference (101 bytes)
Event: 160.569 Thread 0x00000196ffc14c30 nmethod 542 0x000001968064fd90 code [0x000001968064ffa0, 0x0000019680650598]
Event: 160.569 Thread 0x00000196ffc14c30  538       3       org.eclipse.jdt.launching.internal.org.objectweb.asm.ClassReader::readClass (7 bytes)
Event: 160.570 Thread 0x00000196ffc14c30 nmethod 538 0x0000019680650910 code [0x0000019680650ae0, 0x0000019680650e48]
Event: 160.570 Thread 0x00000196ffc14c30  539       3       org.eclipse.jdt.launching.internal.org.objectweb.asm.ClassReader::readStringish (16 bytes)
Event: 160.571 Thread 0x00000196ffc14c30 nmethod 539 0x0000019680651010 code [0x00000196806511e0, 0x00000196806514e8]
Event: 160.571 Thread 0x00000196ffc14c30  535       3       org.eclipse.jdt.launching.internal.org.objectweb.asm.SymbolTable::addConstantUtf8Reference (20 bytes)
Event: 160.571 Thread 0x00000196ffc14c30 nmethod 535 0x0000019680651690 code [0x0000019680651860, 0x0000019680651b28]
Event: 160.571 Thread 0x00000196ffc14c30  540       3       org.eclipse.jdt.launching.internal.org.objectweb.asm.SymbolTable::hash (15 bytes)
Event: 160.572 Thread 0x00000196ffc14c30 nmethod 540 0x0000019680651d10 code [0x0000019680651ec0, 0x0000019680652058]
Event: 160.572 Thread 0x00000196ffc14c30  541       3       org.eclipse.jdt.launching.internal.org.objectweb.asm.ClassVisitor::<init> (94 bytes)
Event: 160.572 Thread 0x00000196ffc14c30 nmethod 541 0x0000019680652190 code [0x00000196806523e0, 0x0000019680652d08]
Event: 160.572 Thread 0x00000196ffc14c30  531       3       org.eclipse.jdt.launching.internal.weaving.ClassfileTransformer::transform (47 bytes)
Event: 160.573 Thread 0x00000196ffc14c30 nmethod 531 0x0000019680653010 code [0x0000019680653220, 0x0000019680653868]
Event: 160.573 Thread 0x00000196ffc14c30  534       1       org.eclipse.jdt.launching.internal.org.objectweb.asm.ClassReader::getMaxStringLength (5 bytes)
Event: 160.573 Thread 0x00000196ffc14c30 nmethod 534 0x0000019687b00710 code [0x0000019687b008a0, 0x0000019687b00978]
Event: 160.573 Thread 0x00000196ffc14c30  543       1       org.eclipse.jdt.launching.internal.org.objectweb.asm.SymbolTable::getConstantPoolCount (5 bytes)
Event: 160.574 Thread 0x00000196ffc14c30 nmethod 543 0x0000019687b00a10 code [0x0000019687b00ba0, 0x0000019687b00c78]

GC Heap History (4 events):
Event: 23.060 GC heap before
{Heap before GC invocations=0 (full 0):
 garbage-first heap   total 129024K, used 12288K [0x0000000082600000, 0x0000000100000000)
  region size 1024K, 13 young (13312K), 0 survivors (0K)
 Metaspace       used 10765K, committed 11008K, reserved 1064960K
  class space    used 977K, committed 1088K, reserved 1048576K
}
Event: 23.066 GC heap after
{Heap after GC invocations=1 (full 0):
 garbage-first heap   total 129024K, used 2637K [0x0000000082600000, 0x0000000100000000)
  region size 1024K, 2 young (2048K), 2 survivors (2048K)
 Metaspace       used 10765K, committed 11008K, reserved 1064960K
  class space    used 977K, committed 1088K, reserved 1048576K
}
Event: 26.040 GC heap before
{Heap before GC invocations=1 (full 0):
 garbage-first heap   total 129024K, used 17997K [0x0000000082600000, 0x0000000100000000)
  region size 1024K, 18 young (18432K), 2 survivors (2048K)
 Metaspace       used 15013K, committed 15232K, reserved 1064960K
  class space    used 1441K, committed 1536K, reserved 1048576K
}
Event: 26.045 GC heap after
{Heap after GC invocations=2 (full 0):
 garbage-first heap   total 129024K, used 3204K [0x0000000082600000, 0x0000000100000000)
  region size 1024K, 1 young (1024K), 1 survivors (1024K)
 Metaspace       used 15013K, committed 15232K, reserved 1064960K
  class space    used 1441K, committed 1536K, reserved 1048576K
}

Deoptimization events (20 events):
Event: 0.673 Thread 0x00000196f4b4eb80 DEOPT PACKING pc=0x0000019680617c2c sp=0x0000003030cf7f60
Event: 0.673 Thread 0x00000196f4b4eb80 DEOPT UNPACKING pc=0x0000019680052b43 sp=0x0000003030cf73c8 mode 0
Event: 0.673 Thread 0x00000196f4b4eb80 DEOPT PACKING pc=0x0000019680617c2c sp=0x0000003030cf7f60
Event: 0.674 Thread 0x00000196f4b4eb80 DEOPT UNPACKING pc=0x0000019680052b43 sp=0x0000003030cf73c8 mode 0
Event: 0.677 Thread 0x00000196f4b4eb80 DEOPT PACKING pc=0x0000019680617c2c sp=0x0000003030cfb9b0
Event: 0.677 Thread 0x00000196f4b4eb80 DEOPT UNPACKING pc=0x0000019680052b43 sp=0x0000003030cfae18 mode 0
Event: 0.677 Thread 0x00000196f4b4eb80 DEOPT PACKING pc=0x0000019680617c2c sp=0x0000003030cfb9b0
Event: 0.677 Thread 0x00000196f4b4eb80 DEOPT UNPACKING pc=0x0000019680052b43 sp=0x0000003030cfae18 mode 0
Event: 0.677 Thread 0x00000196f4b4eb80 DEOPT PACKING pc=0x0000019680617c2c sp=0x0000003030cfb9b0
Event: 0.677 Thread 0x00000196f4b4eb80 DEOPT UNPACKING pc=0x0000019680052b43 sp=0x0000003030cfae18 mode 0
Event: 0.681 Thread 0x00000196f4b4eb80 DEOPT PACKING pc=0x0000019680617c2c sp=0x0000003030cf7ee0
Event: 0.681 Thread 0x00000196f4b4eb80 DEOPT UNPACKING pc=0x0000019680052b43 sp=0x0000003030cf7348 mode 0
Event: 0.684 Thread 0x00000196f4b4eb80 DEOPT PACKING pc=0x0000019680617c2c sp=0x0000003030cfb8e0
Event: 0.684 Thread 0x00000196f4b4eb80 DEOPT UNPACKING pc=0x0000019680052b43 sp=0x0000003030cfad48 mode 0
Event: 0.696 Thread 0x00000196f4b4eb80 DEOPT PACKING pc=0x0000019680617c2c sp=0x0000003030cf7b50
Event: 0.696 Thread 0x00000196f4b4eb80 DEOPT UNPACKING pc=0x0000019680052b43 sp=0x0000003030cf6fb8 mode 0
Event: 0.696 Thread 0x00000196f4b4eb80 DEOPT PACKING pc=0x0000019680617c2c sp=0x0000003030cf7b50
Event: 0.696 Thread 0x00000196f4b4eb80 DEOPT UNPACKING pc=0x0000019680052b43 sp=0x0000003030cf6fb8 mode 0
Event: 0.697 Thread 0x00000196f4b4eb80 DEOPT PACKING pc=0x0000019680617c2c sp=0x0000003030cf7b50
Event: 0.697 Thread 0x00000196f4b4eb80 DEOPT UNPACKING pc=0x0000019680052b43 sp=0x0000003030cf6fb8 mode 0

Classes unloaded (0 events):
No events

Classes redefined (1 events):
Event: 160.559 Thread 0x00000196ff146ce0 redefined class name=br.com.modulo3.data.dao.PagamentoDAO, count=1

Internal exceptions (14 events):
Event: 20.890 Thread 0x00000196f4b4eb80 Exception <a 'java/lang/NoSuchMethodError'{0x0000000089a356d0}: 'java.lang.Object java.lang.invoke.DirectMethodHandle$Holder.invokeStaticInit(java.lang.Object)'> (0x0000000089a356d0) 
thrown [e:\jenkins\tmp\workspace\build\src\src\hotspot\share\interpreter\linkResolver.cpp, line 766]
Event: 20.916 Thread 0x00000196f4b4eb80 Exception <a 'java/lang/NoSuchMethodError'{0x0000000089a48dd0}: 'java.lang.Object java.lang.invoke.DirectMethodHandle$Holder.invokeInterface(java.lang.Object, java.lang.Object)'> (0x0000000089a48dd0) 
thrown [e:\jenkins\tmp\workspace\build\src\src\hotspot\share\interpreter\linkResolver.cpp, line 766]
Event: 24.525 Thread 0x00000196f4b4eb80 Exception <a 'java/lang/NoSuchMethodError'{0x000000008a147fb8}: 'java.lang.Object java.lang.invoke.DirectMethodHandle$Holder.invokeStatic(java.lang.Object, java.lang.Object, long, java.lang.Object)'> (0x000000008a147fb8) 
thrown [e:\jenkins\tmp\workspace\build\src\src\hotspot\share\interpreter\linkResolver.cpp, line 766]
Event: 24.527 Thread 0x00000196f4b4eb80 Exception <a 'java/lang/NoSuchMethodError'{0x000000008a14b7a8}: 'java.lang.Object java.lang.invoke.DirectMethodHandle$Holder.invokeStaticInit(java.lang.Object, java.lang.Object, long, java.lang.Object)'> (0x000000008a14b7a8) 
thrown [e:\jenkins\tmp\workspace\build\src\src\hotspot\share\interpreter\linkResolver.cpp, line 766]
Event: 24.530 Thread 0x00000196f4b4eb80 Exception <a 'java/lang/NoSuchMethodError'{0x000000008a151918}: 'java.lang.Object java.lang.invoke.DirectMethodHandle$Holder.newInvokeSpecial(java.lang.Object, java.lang.Object, long)'> (0x000000008a151918) 
thrown [e:\jenkins\tmp\workspace\build\src\src\hotspot\share\interpreter\linkResolver.cpp, line 766]
Event: 24.532 Thread 0x00000196f4b4eb80 Exception <a 'java/lang/NoSuchMethodError'{0x000000008a155488}: 'java.lang.Object java.lang.invoke.Invokers$Holder.linkToTargetMethod(java.lang.Object, long, java.lang.Object)'> (0x000000008a155488) 
thrown [e:\jenkins\tmp\workspace\build\src\src\hotspot\share\interpreter\linkResolver.cpp, line 766]
Event: 25.179 Thread 0x00000196f4b4eb80 Exception <a 'java/lang/NoSuchMethodError'{0x0000000089c5a470}: 'void java.lang.invoke.DirectMethodHandle$Holder.invokeStatic(java.lang.Object, java.lang.Object)'> (0x0000000089c5a470) 
thrown [e:\jenkins\tmp\workspace\build\src\src\hotspot\share\interpreter\linkResolver.cpp, line 766]
Event: 25.199 Thread 0x00000196f4b4eb80 Exception <a 'java/lang/NoSuchMethodError'{0x0000000089c8e450}: 'java.lang.Object java.lang.invoke.DirectMethodHandle$Holder.invokeStaticInit(java.lang.Object, int, int, int, int)'> (0x0000000089c8e450) 
thrown [e:\jenkins\tmp\workspace\build\src\src\hotspot\share\interpreter\linkResolver.cpp, line 766]
Event: 25.318 Thread 0x00000196f4b4eb80 Exception <a 'java/lang/NoSuchMethodError'{0x0000000089b4d268}: 'java.lang.Object java.lang.invoke.DirectMethodHandle$Holder.invokeStaticInit(java.lang.Object, java.lang.Object, int, int, int, int)'> (0x0000000089b4d268) 
thrown [e:\jenkins\tmp\workspace\build\src\src\hotspot\share\interpreter\linkResolver.cpp, line 766]
Event: 25.416 Thread 0x00000196f4b4eb80 Exception <a 'sun/nio/fs/WindowsException'{0x0000000089a646b8}> (0x0000000089a646b8) 
thrown [e:\jenkins\tmp\workspace\build\src\src\hotspot\share\prims\jni.cpp, line 516]
Event: 25.447 Thread 0x00000196f4b4eb80 Exception <a 'java/lang/NoSuchMethodError'{0x0000000089ac5d60}: 'int java.lang.invoke.DirectMethodHandle$Holder.invokeStaticInit(java.lang.Object, java.lang.Object, java.lang.Object, java.lang.Object)'> (0x0000000089ac5d60) 
thrown [e:\jenkins\tmp\workspace\build\src\src\hotspot\share\interpreter\linkResolver.cpp, line 766]
Event: 25.451 Thread 0x00000196f4b4eb80 Exception <a 'java/lang/IncompatibleClassChangeError'{0x0000000089acf468}: Found class java.lang.Object, but interface was expected> (0x0000000089acf468) 
thrown [e:\jenkins\tmp\workspace\build\src\src\hotspot\share\interpreter\linkResolver.cpp, line 833]
Event: 25.452 Thread 0x00000196f4b4eb80 Exception <a 'java/lang/NoSuchMethodError'{0x0000000089ad23f8}: 'void java.lang.invoke.DirectMethodHandle$Holder.invokeStaticInit(java.lang.Object, java.lang.Object)'> (0x0000000089ad23f8) 
thrown [e:\jenkins\tmp\workspace\build\src\src\hotspot\share\interpreter\linkResolver.cpp, line 766]
Event: 25.455 Thread 0x00000196f4b4eb80 Exception <a 'java/lang/NoSuchMethodError'{0x0000000089ad9f98}: 'int java.lang.invoke.DirectMethodHandle$Holder.invokeStaticInit(java.lang.Object, java.lang.Object)'> (0x0000000089ad9f98) 
thrown [e:\jenkins\tmp\workspace\build\src\src\hotspot\share\interpreter\linkResolver.cpp, line 766]

VM Operations (20 events):
Event: 146.667 Executing VM operation: get/set locals
Event: 146.668 Executing VM operation: get/set locals done
Event: 146.669 Executing VM operation: get/set locals
Event: 146.669 Executing VM operation: get/set locals done
Event: 146.670 Executing VM operation: get/set locals
Event: 146.671 Executing VM operation: get/set locals done
Event: 160.551 Executing VM operation: ChangeSingleStep
Event: 160.551 Executing VM operation: ChangeSingleStep done
Event: 160.551 Executing VM operation: ChangeSingleStep
Event: 160.551 Executing VM operation: ChangeSingleStep done
Event: 160.558 Executing VM operation: RedefineClasses
Event: 160.564 Executing VM operation: RedefineClasses done
Event: 160.576 Executing VM operation: ChangeBreakpoints
Event: 160.576 Executing VM operation: ChangeBreakpoints done
Event: 160.579 Executing VM operation: ChangeSingleStep
Event: 160.579 Executing VM operation: ChangeSingleStep done
Event: 160.579 Executing VM operation: get/set locals
Event: 160.580 Executing VM operation: get/set locals done
Event: 160.582 Executing VM operation: ChangeSingleStep
Event: 160.582 Executing VM operation: ChangeSingleStep done

Events (20 events):
Event: 124.451 loading class sun/util/resources/Bundles$BundleReference
Event: 124.451 loading class sun/util/resources/Bundles$CacheKeyReference
Event: 124.451 loading class sun/util/resources/Bundles$CacheKeyReference done
Event: 124.451 loading class sun/util/resources/Bundles$BundleReference done
Event: 124.451 loading class sun/util/locale/provider/LocaleResources$ResourceReference
Event: 124.451 loading class sun/util/locale/provider/LocaleResources$ResourceReference done
Event: 124.479 loading class sun/util/calendar/JulianCalendar
Event: 124.479 loading class sun/util/calendar/JulianCalendar done
Event: 124.479 loading class sun/util/calendar/Era
Event: 124.480 loading class sun/util/calendar/Era done
Event: 124.480 loading class sun/util/calendar/ImmutableGregorianDate
Event: 124.480 loading class sun/util/calendar/ImmutableGregorianDate done
Event: 124.567 loading class java/util/concurrent/atomic/AtomicReferenceFieldUpdater
Event: 124.567 loading class java/util/concurrent/atomic/AtomicReferenceFieldUpdater done
Event: 124.567 loading class java/util/concurrent/atomic/AtomicReferenceFieldUpdater$AtomicReferenceFieldUpdaterImpl
Event: 124.567 loading class java/util/concurrent/atomic/AtomicReferenceFieldUpdater$AtomicReferenceFieldUpdaterImpl done
Event: 124.567 loading class java/util/concurrent/atomic/AtomicReferenceFieldUpdater$AtomicReferenceFieldUpdaterImpl$1
Event: 124.567 loading class java/util/concurrent/atomic/AtomicReferenceFieldUpdater$AtomicReferenceFieldUpdaterImpl$1 done
Event: 124.568 loading class sun/reflect/misc/ReflectUtil
Event: 124.568 loading class sun/reflect/misc/ReflectUtil done


Dynamic libraries:
0x00007ff618ad0000 - 0x00007ff618ade000 	C:\Users\bilbo\.p2\pool\plugins\org.eclipse.justj.openjdk.hotspot.jre.full.win32.x86_64_17.0.3.v20220515-1416\jre\bin\javaw.exe
0x00007fff0fad0000 - 0x00007fff0fcc8000 	C:\Windows\SYSTEM32\ntdll.dll
0x00007fff0e4a0000 - 0x00007fff0e55d000 	C:\Windows\System32\KERNEL32.DLL
0x00007fff0d310000 - 0x00007fff0d5de000 	C:\Windows\System32\KERNELBASE.dll
0x00007fff0d810000 - 0x00007fff0d910000 	C:\Windows\System32\ucrtbase.dll
0x00007fff04bf0000 - 0x00007fff04c08000 	C:\Users\bilbo\.p2\pool\plugins\org.eclipse.justj.openjdk.hotspot.jre.full.win32.x86_64_17.0.3.v20220515-1416\jre\bin\jli.dll
0x00007fff0ed90000 - 0x00007fff0ef30000 	C:\Windows\System32\USER32.dll
0x00007fff0d6f0000 - 0x00007fff0d712000 	C:\Windows\System32\win32u.dll
0x00007fff0fa60000 - 0x00007fff0fa8a000 	C:\Windows\System32\GDI32.dll
0x00007fff0d5e0000 - 0x00007fff0d6eb000 	C:\Windows\System32\gdi32full.dll
0x00007fff0d720000 - 0x00007fff0d7bd000 	C:\Windows\System32\msvcp_win.dll
0x00007ffefb170000 - 0x00007ffefb189000 	C:\Users\bilbo\.p2\pool\plugins\org.eclipse.justj.openjdk.hotspot.jre.full.win32.x86_64_17.0.3.v20220515-1416\jre\bin\VCRUNTIME140.dll
0x00007ffef8300000 - 0x00007ffef859a000 	C:\Windows\WinSxS\amd64_microsoft.windows.common-controls_6595b64144ccf1df_6.0.19041.1110_none_60b5254171f9507e\COMCTL32.dll
0x00007fff0e8d0000 - 0x00007fff0e96e000 	C:\Windows\System32\msvcrt.dll
0x00007fff0db30000 - 0x00007fff0db60000 	C:\Windows\System32\IMM32.DLL
0x00007fff08c90000 - 0x00007fff08c9c000 	C:\Users\bilbo\.p2\pool\plugins\org.eclipse.justj.openjdk.hotspot.jre.full.win32.x86_64_17.0.3.v20220515-1416\jre\bin\vcruntime140_1.dll
0x00007ffeea190000 - 0x00007ffeea221000 	C:\Users\bilbo\.p2\pool\plugins\org.eclipse.justj.openjdk.hotspot.jre.full.win32.x86_64_17.0.3.v20220515-1416\jre\bin\msvcp140.dll
0x00007ffe94230000 - 0x00007ffe94e78000 	C:\Users\bilbo\.p2\pool\plugins\org.eclipse.justj.openjdk.hotspot.jre.full.win32.x86_64_17.0.3.v20220515-1416\jre\bin\server\jvm.dll
0x00007fff0e560000 - 0x00007fff0e60e000 	C:\Windows\System32\ADVAPI32.dll
0x00007fff0eb40000 - 0x00007fff0ebdc000 	C:\Windows\System32\sechost.dll
0x00007fff0e980000 - 0x00007fff0eaa5000 	C:\Windows\System32\RPCRT4.dll
0x00007fff0e970000 - 0x00007fff0e978000 	C:\Windows\System32\PSAPI.DLL
0x00007fff08c80000 - 0x00007fff08c89000 	C:\Windows\SYSTEM32\WSOCK32.dll
0x00007fff0e860000 - 0x00007fff0e8cb000 	C:\Windows\System32\WS2_32.dll
0x00007ffef9640000 - 0x00007ffef9667000 	C:\Windows\SYSTEM32\WINMM.dll
0x00007ffefbf90000 - 0x00007ffefbf9a000 	C:\Windows\SYSTEM32\VERSION.dll
0x00007fff0afd0000 - 0x00007fff0afe2000 	C:\Windows\SYSTEM32\kernel.appcore.dll
0x00007fff08a90000 - 0x00007fff08a9a000 	C:\Users\bilbo\.p2\pool\plugins\org.eclipse.justj.openjdk.hotspot.jre.full.win32.x86_64_17.0.3.v20220515-1416\jre\bin\jimage.dll
0x00007ffef85b0000 - 0x00007ffef8794000 	C:\Windows\SYSTEM32\DBGHELP.DLL
0x00007ffef81d0000 - 0x00007ffef81fc000 	C:\Windows\SYSTEM32\dbgcore.DLL
0x00007fff0d910000 - 0x00007fff0d992000 	C:\Windows\System32\bcryptPrimitives.dll
0x00007fff04af0000 - 0x00007fff04b2b000 	C:\Users\bilbo\.p2\pool\plugins\org.eclipse.justj.openjdk.hotspot.jre.full.win32.x86_64_17.0.3.v20220515-1416\jre\bin\jdwp.dll
0x00007fff08c30000 - 0x00007fff08c3e000 	C:\Users\bilbo\.p2\pool\plugins\org.eclipse.justj.openjdk.hotspot.jre.full.win32.x86_64_17.0.3.v20220515-1416\jre\bin\instrument.dll
0x00007fff04cf0000 - 0x00007fff04d15000 	C:\Users\bilbo\.p2\pool\plugins\org.eclipse.justj.openjdk.hotspot.jre.full.win32.x86_64_17.0.3.v20220515-1416\jre\bin\java.dll
0x00007fff04f00000 - 0x00007fff04f18000 	C:\Users\bilbo\.p2\pool\plugins\org.eclipse.justj.openjdk.hotspot.jre.full.win32.x86_64_17.0.3.v20220515-1416\jre\bin\zip.dll
0x00007fff0dbc0000 - 0x00007fff0e304000 	C:\Windows\System32\SHELL32.dll
0x00007fff0b2b0000 - 0x00007fff0ba44000 	C:\Windows\SYSTEM32\windows.storage.dll
0x00007fff0f700000 - 0x00007fff0fa54000 	C:\Windows\System32\combase.dll
0x00007fff0caa0000 - 0x00007fff0cad0000 	C:\Windows\SYSTEM32\Wldp.dll
0x00007fff0e610000 - 0x00007fff0e6bd000 	C:\Windows\System32\SHCORE.dll
0x00007fff0ef90000 - 0x00007fff0efe5000 	C:\Windows\System32\shlwapi.dll
0x00007fff0d130000 - 0x00007fff0d14f000 	C:\Windows\SYSTEM32\profapi.dll
0x00007fff081e0000 - 0x00007fff081ec000 	C:\Users\bilbo\.p2\pool\plugins\org.eclipse.justj.openjdk.hotspot.jre.full.win32.x86_64_17.0.3.v20220515-1416\jre\bin\dt_socket.dll
0x00007fff0c590000 - 0x00007fff0c5cb000 	C:\Windows\SYSTEM32\IPHLPAPI.DLL
0x00007fff0c880000 - 0x00007fff0c8ea000 	C:\Windows\system32\mswsock.dll
0x00007fff0c5d0000 - 0x00007fff0c69a000 	C:\Windows\SYSTEM32\DNSAPI.dll
0x00007fff0f550000 - 0x00007fff0f558000 	C:\Windows\System32\NSI.dll
0x00007fff04f60000 - 0x00007fff04f6a000 	C:\Windows\System32\rasadhlp.dll
0x00007fff05500000 - 0x00007fff05580000 	C:\Windows\System32\fwpuclnt.dll
0x00007fff0d9a0000 - 0x00007fff0d9c7000 	C:\Windows\System32\bcrypt.dll
0x00007fff04ee0000 - 0x00007fff04ef9000 	C:\Users\bilbo\.p2\pool\plugins\org.eclipse.justj.openjdk.hotspot.jre.full.win32.x86_64_17.0.3.v20220515-1416\jre\bin\net.dll
0x00007fff05580000 - 0x00007fff0568a000 	C:\Windows\SYSTEM32\WINHTTP.dll
0x00007fff04cd0000 - 0x00007fff04ce5000 	C:\Users\bilbo\.p2\pool\plugins\org.eclipse.justj.openjdk.hotspot.jre.full.win32.x86_64_17.0.3.v20220515-1416\jre\bin\nio.dll
0x00007fff08a80000 - 0x00007fff08a90000 	C:\Users\bilbo\.p2\pool\plugins\org.eclipse.justj.openjdk.hotspot.jre.full.win32.x86_64_17.0.3.v20220515-1416\jre\bin\verify.dll
0x00007fff08d40000 - 0x00007fff08d57000 	C:\Windows\system32\napinsp.dll
0x00007fff08d20000 - 0x00007fff08d3b000 	C:\Windows\system32\pnrpnsp.dll
0x00007fff06770000 - 0x00007fff06785000 	C:\Windows\system32\wshbth.dll
0x00007fff08b60000 - 0x00007fff08b7d000 	C:\Windows\system32\NLAapi.dll
0x00007fff08d00000 - 0x00007fff08d12000 	C:\Windows\System32\winrnr.dll
0x00007fff0cde0000 - 0x00007fff0cdf8000 	C:\Windows\SYSTEM32\CRYPTSP.dll
0x00007fff0c220000 - 0x00007fff0c254000 	C:\Windows\system32\rsaenh.dll
0x00007fff0d060000 - 0x00007fff0d08e000 	C:\Windows\SYSTEM32\USERENV.dll
0x00007fff0ca10000 - 0x00007fff0ca1c000 	C:\Windows\SYSTEM32\CRYPTBASE.dll
0x00007fff05d80000 - 0x00007fff05d97000 	C:\Windows\SYSTEM32\dhcpcsvc6.DLL
0x00007fff05d60000 - 0x00007fff05d7d000 	C:\Windows\SYSTEM32\dhcpcsvc.DLL
0x00007fff05690000 - 0x00007fff0569e000 	C:\Users\bilbo\.p2\pool\plugins\org.eclipse.justj.openjdk.hotspot.jre.full.win32.x86_64_17.0.3.v20220515-1416\jre\bin\sunmscapi.dll
0x00007fff0d9d0000 - 0x00007fff0db26000 	C:\Windows\System32\CRYPT32.dll
0x00007fff0cb10000 - 0x00007fff0cb37000 	C:\Windows\SYSTEM32\ncrypt.dll
0x00007fff0cad0000 - 0x00007fff0cb0b000 	C:\Windows\SYSTEM32\NTASN1.dll

dbghelp: loaded successfully - version: 4.0.5 - missing functions: none
symbol engine: initialized successfully - sym options: 0x614 - pdb path: .;C:\Users\bilbo\.p2\pool\plugins\org.eclipse.justj.openjdk.hotspot.jre.full.win32.x86_64_17.0.3.v20220515-1416\jre\bin;C:\Windows\SYSTEM32;C:\Windows\WinSxS\amd64_microsoft.windows.common-controls_6595b64144ccf1df_6.0.19041.1110_none_60b5254171f9507e;C:\Users\bilbo\.p2\pool\plugins\org.eclipse.justj.openjdk.hotspot.jre.full.win32.x86_64_17.0.3.v20220515-1416\jre\bin\server

VM Arguments:
jvm_args: -XX:+ShowCodeDetailsInExceptionMessages -agentlib:jdwp=transport=dt_socket,suspend=y,address=localhost:54692 -javaagent:C:\Users\bilbo\eclipse\java-2022-06\eclipse\configuration\org.eclipse.osgi\215\0\.cp\lib\javaagent-shaded.jar -Dfile.encoding=UTF-8 
java_command: br.com.modulo3.test.Test
java_class_path (initial): C:\Users\bilbo\eclipse-workspace-se\pj-modulo-3\bin;C:\Users\bilbo\eclipse-workspace-se\pj-modulo-3\lib\mysql-connector-java-8.0.30.jar;C:\Users\bilbo\eclipse-workspace-se\pj-modulo-3\lib\mssql-jdbc-10.2.1.jre17.jar
Launcher Type: SUN_STANDARD

[Global flags]
     intx CICompilerCount                          = 3                                         {product} {ergonomic}
     uint ConcGCThreads                            = 1                                         {product} {ergonomic}
     uint G1ConcRefinementThreads                  = 4                                         {product} {ergonomic}
   size_t G1HeapRegionSize                         = 1048576                                   {product} {ergonomic}
    uintx GCDrainStackTargetSize                   = 64                                        {product} {ergonomic}
   size_t InitialHeapSize                          = 132120576                                 {product} {ergonomic}
   size_t MarkStackSize                            = 4194304                                   {product} {ergonomic}
   size_t MaxHeapSize                              = 2107637760                                {product} {ergonomic}
   size_t MaxNewSize                               = 1264582656                                {product} {ergonomic}
   size_t MinHeapDeltaBytes                        = 1048576                                   {product} {ergonomic}
   size_t MinHeapSize                              = 8388608                                   {product} {ergonomic}
    uintx NonNMethodCodeHeapSize                   = 5832780                                {pd product} {ergonomic}
    uintx NonProfiledCodeHeapSize                  = 122912730                              {pd product} {ergonomic}
    uintx ProfiledCodeHeapSize                     = 122912730                              {pd product} {ergonomic}
    uintx ReservedCodeCacheSize                    = 251658240                              {pd product} {ergonomic}
     bool SegmentedCodeCache                       = true                                      {product} {ergonomic}
     bool ShowCodeDetailsInExceptionMessages       = true                                   {manageable} {command line}
   size_t SoftMaxHeapSize                          = 2107637760                             {manageable} {ergonomic}
     bool UseCompressedClassPointers               = true                           {product lp64_product} {ergonomic}
     bool UseCompressedOops                        = true                           {product lp64_product} {ergonomic}
     bool UseG1GC                                  = true                                      {product} {ergonomic}
     bool UseLargePagesIndividualAllocation        = false                                  {pd product} {ergonomic}

Logging:
Log output configuration:
 #0: stdout all=warning uptime,level,tags
 #1: stderr all=off uptime,level,tags

Environment Variables:
PATH=C:\Users\bilbo\.p2\pool\plugins\org.eclipse.justj.openjdk.hotspot.jre.full.win32.x86_64_17.0.3.v20220515-1416\jre\bin;C:/Users/bilbo/.p2/pool/plugins/org.eclipse.justj.openjdk.hotspot.jre.full.win32.x86_64_17.0.3.v20220515-1416/jre/bin/server;C:/Users/bilbo/.p2/pool/plugins/org.eclipse.justj.openjdk.hotspot.jre.full.win32.x86_64_17.0.3.v20220515-1416/jre/bin;C:\Program Files\Common Files\Oracle\Java\javapath;C:\Windows\system32;C:\Windows;C:\Windows\System32\Wbem;C:\Windows\System32\WindowsPowerShell\v1.0\;C:\Windows\System32\OpenSSH\;C:\ProgramData\chocolatey\bin;C:\Program Files\Microsoft VS Code\bin;C:\Program Files\Git\cmd;C:\Program Files\nodejs\;C:\Program Files (x86)\Microsoft SQL Server\150\Tools\Binn\;C:\Program Files\Microsoft SQL Server\150\Tools\Binn\;C:\Program Files (x86)\Microsoft SQL Server\150\DTS\Binn\;C:\Program Files\Microsoft SQL Server\150\DTS\Binn\;C:\Program Files\Microsoft SQL Server\Client SDK\ODBC\170\Tools\Binn\;C:\Program Files\Azure Data Studio\bin;C:\Users\bilbo\AppData\Local\Microsoft\WindowsApps;C:\Users\bilbo\AppData\Roaming\npm;C:\Program Files (x86)\Google\Cloud SDK\google-cloud-sdk\bin;C:\Program Files\Azure Data Studio\bin;C:\Windows\system32;
USERNAME=bilbo
OS=Windows_NT
PROCESSOR_IDENTIFIER=Intel64 Family 6 Model 78 Stepping 3, GenuineIntel



---------------  S Y S T E M  ---------------

OS:
 Windows 10 , 64 bit Build 19041 (10.0.19041.1889)
OS uptime: 0 days 11:46 hours
Hyper-V role detected

CPU: total 4 (initial active 4) (2 cores per cpu, 2 threads per core) family 6 model 78 stepping 3 microcode 0xcc, cx8, cmov, fxsr, ht, mmx, 3dnowpref, sse, sse2, sse3, ssse3, sse4.1, sse4.2, popcnt, lzcnt, tsc, tscinvbit, avx, avx2, aes, erms, clmul, bmi1, bmi2, adx, fma, vzeroupper, clflush, clflushopt, hv

Memory: 4k page, system-wide physical 8039M (3321M free)
TotalPageFile size 10445M (AvailPageFile size 1572M)
current process WorkingSet (physical memory assigned to process): 79M, peak: 79M
current process commit charge ("private bytes"): 212M, peak: 212M

vm_info: OpenJDK 64-Bit Server VM (17.0.3+7) for windows-amd64 JRE (17.0.3+7), built on Apr 19 2022 16:55:35 by "" with MS VC++ 16.7 (VS2019)

END.
